Classic Timing Analyzer report for g20_lab2
Fri Feb 21 23:21:17 2014
Quartus II 64-Bit Version 9.1 Build 350 03/24/2010 Service Pack 2 SJ Full Version


---------------------
; Table of Contents ;
---------------------
  1. Legal Notice
  2. Timing Analyzer Summary
  3. Timing Analyzer Settings
  4. Clock Settings Summary
  5. Parallel Compilation
  6. tsu
  7. tco
  8. th
  9. Timing Analyzer Messages



----------------
; Legal Notice ;
----------------
Copyright (C) 1991-2010 Altera Corporation
Your use of Altera Corporation's design tools, logic functions 
and other software and tools, and its AMPP partner logic 
functions, and any output files from any of the foregoing 
(including device programming or simulation files), and any 
associated documentation or information are expressly subject 
to the terms and conditions of the Altera Program License 
Subscription Agreement, Altera MegaCore Function License 
Agreement, or other applicable license agreement, including, 
without limitation, that your use is for the sole purpose of 
programming logic devices manufactured by Altera and sold by 
Altera or its authorized distributors.  Please refer to the 
applicable agreement for further details.



+---------------------------------------------------------------------------------------------------------------------------------------------------------------------------------------------------------------------------------------------------------------------------------------------------------------------------------------------------+
; Timing Analyzer Summary                                                                                                                                                                                                                                                                                                                           ;
+------------------------------+-------+---------------+-------------+-------------------------------------------------------------------------------------------------------------------+-------------------------------------------------------------------------------------------------------------------+------------+----------+--------------+
; Type                         ; Slack ; Required Time ; Actual Time ; From                                                                                                              ; To                                                                                                                ; From Clock ; To Clock ; Failed Paths ;
+------------------------------+-------+---------------+-------------+-------------------------------------------------------------------------------------------------------------------+-------------------------------------------------------------------------------------------------------------------+------------+----------+--------------+
; Worst-case tsu               ; N/A   ; None          ; 0.549 ns    ; bin[0]                                                                                                            ; lpm_rom:crc_table|altrom:srom|altsyncram:rom_block|altsyncram_ka01:auto_generated|ram_block1a0~porta_address_reg0 ; --         ; clock    ; 0            ;
; Worst-case tco               ; N/A   ; None          ; 12.050 ns   ; lpm_rom:crc_table|altrom:srom|altsyncram:rom_block|altsyncram_ka01:auto_generated|ram_block1a0~porta_address_reg5 ; BCD[2]                                                                                                            ; clock      ; --       ; 0            ;
; Worst-case th                ; N/A   ; None          ; 0.203 ns    ; bin[5]                                                                                                            ; lpm_rom:crc_table|altrom:srom|altsyncram:rom_block|altsyncram_ka01:auto_generated|ram_block1a0~porta_address_reg5 ; --         ; clock    ; 0            ;
; Total number of failed paths ;       ;               ;             ;                                                                                                                   ;                                                                                                                   ;            ;          ; 0            ;
+------------------------------+-------+---------------+-------------+-------------------------------------------------------------------------------------------------------------------+-------------------------------------------------------------------------------------------------------------------+------------+----------+--------------+


+-----------------------------------------------------------------------------------------------------------------------------------------------------+
; Timing Analyzer Settings                                                                                                                            ;
+------------------------------------------------------------------------------------------------------+--------------------+------+----+-------------+
; Option                                                                                               ; Setting            ; From ; To ; Entity Name ;
+------------------------------------------------------------------------------------------------------+--------------------+------+----+-------------+
; Device Name                                                                                          ; EP2C20F484C7       ;      ;    ;             ;
; Timing Models                                                                                        ; Final              ;      ;    ;             ;
; Default hold multicycle                                                                              ; Same as Multicycle ;      ;    ;             ;
; Cut paths between unrelated clock domains                                                            ; On                 ;      ;    ;             ;
; Cut off read during write signal paths                                                               ; On                 ;      ;    ;             ;
; Cut off feedback from I/O pins                                                                       ; On                 ;      ;    ;             ;
; Report Combined Fast/Slow Timing                                                                     ; Off                ;      ;    ;             ;
; Ignore Clock Settings                                                                                ; Off                ;      ;    ;             ;
; Analyze latches as synchronous elements                                                              ; On                 ;      ;    ;             ;
; Enable Recovery/Removal analysis                                                                     ; Off                ;      ;    ;             ;
; Enable Clock Latency                                                                                 ; Off                ;      ;    ;             ;
; Use TimeQuest Timing Analyzer                                                                        ; Off                ;      ;    ;             ;
; Minimum Core Junction Temperature                                                                    ; 0                  ;      ;    ;             ;
; Maximum Core Junction Temperature                                                                    ; 85                 ;      ;    ;             ;
; Number of source nodes to report per destination node                                                ; 10                 ;      ;    ;             ;
; Number of destination nodes to report                                                                ; 10                 ;      ;    ;             ;
; Number of paths to report                                                                            ; 200                ;      ;    ;             ;
; Report Minimum Timing Checks                                                                         ; Off                ;      ;    ;             ;
; Use Fast Timing Models                                                                               ; Off                ;      ;    ;             ;
; Report IO Paths Separately                                                                           ; Off                ;      ;    ;             ;
; Perform Multicorner Analysis                                                                         ; On                 ;      ;    ;             ;
; Reports the worst-case path for each clock domain and analysis                                       ; Off                ;      ;    ;             ;
; Reports worst-case timing paths for each clock domain and analysis                                   ; On                 ;      ;    ;             ;
; Specifies the maximum number of worst-case timing paths to report for each clock domain and analysis ; 100                ;      ;    ;             ;
; Removes common clock path pessimism (CCPP) during slack computation                                  ; Off                ;      ;    ;             ;
; Output I/O Timing Endpoint                                                                           ; Near End           ;      ;    ;             ;
+------------------------------------------------------------------------------------------------------+--------------------+------+----+-------------+


+------------------------------------------------------------------------------------------------------------------------------------------------------------------------------------+
; Clock Settings Summary                                                                                                                                                             ;
+-----------------+--------------------+----------+------------------+---------------+--------------+----------+-----------------------+---------------------+--------+--------------+
; Clock Node Name ; Clock Setting Name ; Type     ; Fmax Requirement ; Early Latency ; Late Latency ; Based on ; Multiply Base Fmax by ; Divide Base Fmax by ; Offset ; Phase offset ;
+-----------------+--------------------+----------+------------------+---------------+--------------+----------+-----------------------+---------------------+--------+--------------+
; clock           ;                    ; User Pin ; None             ; 0.000 ns      ; 0.000 ns     ; --       ; N/A                   ; N/A                 ; N/A    ;              ;
+-----------------+--------------------+----------+------------------+---------------+--------------+----------+-----------------------+---------------------+--------+--------------+


+------------------------------------------+
; Parallel Compilation                     ;
+----------------------------+-------------+
; Processors                 ; Number      ;
+----------------------------+-------------+
; Number detected on machine ; 4           ;
; Maximum allowed            ; 4           ;
;                            ;             ;
; Average used               ; 1.00        ;
; Maximum used               ; 1           ;
;                            ;             ;
; Usage by Processor         ; % Time Used ;
;     1 processor            ; 100.0%      ;
;     2-4 processors         ;   0.0%      ;
+----------------------------+-------------+


+---------------------------------------------------------------------------------------------------------------------------------------------------------------------------+
; tsu                                                                                                                                                                       ;
+-------+--------------+------------+--------+-------------------------------------------------------------------------------------------------------------------+----------+
; Slack ; Required tsu ; Actual tsu ; From   ; To                                                                                                                ; To Clock ;
+-------+--------------+------------+--------+-------------------------------------------------------------------------------------------------------------------+----------+
; N/A   ; None         ; 0.549 ns   ; bin[0] ; lpm_rom:crc_table|altrom:srom|altsyncram:rom_block|altsyncram_ka01:auto_generated|ram_block1a0~porta_address_reg0 ; clock    ;
; N/A   ; None         ; 0.493 ns   ; bin[1] ; lpm_rom:crc_table|altrom:srom|altsyncram:rom_block|altsyncram_ka01:auto_generated|ram_block1a0~porta_address_reg1 ; clock    ;
; N/A   ; None         ; 0.482 ns   ; bin[2] ; lpm_rom:crc_table|altrom:srom|altsyncram:rom_block|altsyncram_ka01:auto_generated|ram_block1a0~porta_address_reg2 ; clock    ;
; N/A   ; None         ; 0.190 ns   ; bin[4] ; lpm_rom:crc_table|altrom:srom|altsyncram:rom_block|altsyncram_ka01:auto_generated|ram_block1a0~porta_address_reg4 ; clock    ;
; N/A   ; None         ; 0.178 ns   ; bin[3] ; lpm_rom:crc_table|altrom:srom|altsyncram:rom_block|altsyncram_ka01:auto_generated|ram_block1a0~porta_address_reg3 ; clock    ;
; N/A   ; None         ; 0.087 ns   ; bin[5] ; lpm_rom:crc_table|altrom:srom|altsyncram:rom_block|altsyncram_ka01:auto_generated|ram_block1a0~porta_address_reg5 ; clock    ;
+-------+--------------+------------+--------+-------------------------------------------------------------------------------------------------------------------+----------+


+-----------------------------------------------------------------------------------------------------------------------------------------------------------------------------+
; tco                                                                                                                                                                         ;
+-------+--------------+------------+-------------------------------------------------------------------------------------------------------------------+--------+------------+
; Slack ; Required tco ; Actual tco ; From                                                                                                              ; To     ; From Clock ;
+-------+--------------+------------+-------------------------------------------------------------------------------------------------------------------+--------+------------+
; N/A   ; None         ; 12.050 ns  ; lpm_rom:crc_table|altrom:srom|altsyncram:rom_block|altsyncram_ka01:auto_generated|ram_block1a0~porta_address_reg0 ; BCD[2] ; clock      ;
; N/A   ; None         ; 12.050 ns  ; lpm_rom:crc_table|altrom:srom|altsyncram:rom_block|altsyncram_ka01:auto_generated|ram_block1a0~porta_address_reg1 ; BCD[2] ; clock      ;
; N/A   ; None         ; 12.050 ns  ; lpm_rom:crc_table|altrom:srom|altsyncram:rom_block|altsyncram_ka01:auto_generated|ram_block1a0~porta_address_reg2 ; BCD[2] ; clock      ;
; N/A   ; None         ; 12.050 ns  ; lpm_rom:crc_table|altrom:srom|altsyncram:rom_block|altsyncram_ka01:auto_generated|ram_block1a0~porta_address_reg3 ; BCD[2] ; clock      ;
; N/A   ; None         ; 12.050 ns  ; lpm_rom:crc_table|altrom:srom|altsyncram:rom_block|altsyncram_ka01:auto_generated|ram_block1a0~porta_address_reg4 ; BCD[2] ; clock      ;
; N/A   ; None         ; 12.050 ns  ; lpm_rom:crc_table|altrom:srom|altsyncram:rom_block|altsyncram_ka01:auto_generated|ram_block1a0~porta_address_reg5 ; BCD[2] ; clock      ;
; N/A   ; None         ; 11.675 ns  ; lpm_rom:crc_table|altrom:srom|altsyncram:rom_block|altsyncram_ka01:auto_generated|ram_block1a0~porta_address_reg0 ; BCD[5] ; clock      ;
; N/A   ; None         ; 11.675 ns  ; lpm_rom:crc_table|altrom:srom|altsyncram:rom_block|altsyncram_ka01:auto_generated|ram_block1a0~porta_address_reg1 ; BCD[5] ; clock      ;
; N/A   ; None         ; 11.675 ns  ; lpm_rom:crc_table|altrom:srom|altsyncram:rom_block|altsyncram_ka01:auto_generated|ram_block1a0~porta_address_reg2 ; BCD[5] ; clock      ;
; N/A   ; None         ; 11.675 ns  ; lpm_rom:crc_table|altrom:srom|altsyncram:rom_block|altsyncram_ka01:auto_generated|ram_block1a0~porta_address_reg3 ; BCD[5] ; clock      ;
; N/A   ; None         ; 11.675 ns  ; lpm_rom:crc_table|altrom:srom|altsyncram:rom_block|altsyncram_ka01:auto_generated|ram_block1a0~porta_address_reg4 ; BCD[5] ; clock      ;
; N/A   ; None         ; 11.675 ns  ; lpm_rom:crc_table|altrom:srom|altsyncram:rom_block|altsyncram_ka01:auto_generated|ram_block1a0~porta_address_reg5 ; BCD[5] ; clock      ;
; N/A   ; None         ; 11.400 ns  ; lpm_rom:crc_table|altrom:srom|altsyncram:rom_block|altsyncram_ka01:auto_generated|ram_block1a0~porta_address_reg0 ; BCD[6] ; clock      ;
; N/A   ; None         ; 11.400 ns  ; lpm_rom:crc_table|altrom:srom|altsyncram:rom_block|altsyncram_ka01:auto_generated|ram_block1a0~porta_address_reg1 ; BCD[6] ; clock      ;
; N/A   ; None         ; 11.400 ns  ; lpm_rom:crc_table|altrom:srom|altsyncram:rom_block|altsyncram_ka01:auto_generated|ram_block1a0~porta_address_reg2 ; BCD[6] ; clock      ;
; N/A   ; None         ; 11.400 ns  ; lpm_rom:crc_table|altrom:srom|altsyncram:rom_block|altsyncram_ka01:auto_generated|ram_block1a0~porta_address_reg3 ; BCD[6] ; clock      ;
; N/A   ; None         ; 11.400 ns  ; lpm_rom:crc_table|altrom:srom|altsyncram:rom_block|altsyncram_ka01:auto_generated|ram_block1a0~porta_address_reg4 ; BCD[6] ; clock      ;
; N/A   ; None         ; 11.400 ns  ; lpm_rom:crc_table|altrom:srom|altsyncram:rom_block|altsyncram_ka01:auto_generated|ram_block1a0~porta_address_reg5 ; BCD[6] ; clock      ;
; N/A   ; None         ; 11.318 ns  ; lpm_rom:crc_table|altrom:srom|altsyncram:rom_block|altsyncram_ka01:auto_generated|ram_block1a0~porta_address_reg0 ; BCD[7] ; clock      ;
; N/A   ; None         ; 11.318 ns  ; lpm_rom:crc_table|altrom:srom|altsyncram:rom_block|altsyncram_ka01:auto_generated|ram_block1a0~porta_address_reg1 ; BCD[7] ; clock      ;
; N/A   ; None         ; 11.318 ns  ; lpm_rom:crc_table|altrom:srom|altsyncram:rom_block|altsyncram_ka01:auto_generated|ram_block1a0~porta_address_reg2 ; BCD[7] ; clock      ;
; N/A   ; None         ; 11.318 ns  ; lpm_rom:crc_table|altrom:srom|altsyncram:rom_block|altsyncram_ka01:auto_generated|ram_block1a0~porta_address_reg3 ; BCD[7] ; clock      ;
; N/A   ; None         ; 11.318 ns  ; lpm_rom:crc_table|altrom:srom|altsyncram:rom_block|altsyncram_ka01:auto_generated|ram_block1a0~porta_address_reg4 ; BCD[7] ; clock      ;
; N/A   ; None         ; 11.318 ns  ; lpm_rom:crc_table|altrom:srom|altsyncram:rom_block|altsyncram_ka01:auto_generated|ram_block1a0~porta_address_reg5 ; BCD[7] ; clock      ;
; N/A   ; None         ; 11.276 ns  ; lpm_rom:crc_table|altrom:srom|altsyncram:rom_block|altsyncram_ka01:auto_generated|ram_block1a0~porta_address_reg0 ; BCD[0] ; clock      ;
; N/A   ; None         ; 11.276 ns  ; lpm_rom:crc_table|altrom:srom|altsyncram:rom_block|altsyncram_ka01:auto_generated|ram_block1a0~porta_address_reg1 ; BCD[0] ; clock      ;
; N/A   ; None         ; 11.276 ns  ; lpm_rom:crc_table|altrom:srom|altsyncram:rom_block|altsyncram_ka01:auto_generated|ram_block1a0~porta_address_reg2 ; BCD[0] ; clock      ;
; N/A   ; None         ; 11.276 ns  ; lpm_rom:crc_table|altrom:srom|altsyncram:rom_block|altsyncram_ka01:auto_generated|ram_block1a0~porta_address_reg3 ; BCD[0] ; clock      ;
; N/A   ; None         ; 11.276 ns  ; lpm_rom:crc_table|altrom:srom|altsyncram:rom_block|altsyncram_ka01:auto_generated|ram_block1a0~porta_address_reg4 ; BCD[0] ; clock      ;
; N/A   ; None         ; 11.276 ns  ; lpm_rom:crc_table|altrom:srom|altsyncram:rom_block|altsyncram_ka01:auto_generated|ram_block1a0~porta_address_reg5 ; BCD[0] ; clock      ;
; N/A   ; None         ; 11.152 ns  ; lpm_rom:crc_table|altrom:srom|altsyncram:rom_block|altsyncram_ka01:auto_generated|ram_block1a0~porta_address_reg0 ; BCD[3] ; clock      ;
; N/A   ; None         ; 11.152 ns  ; lpm_rom:crc_table|altrom:srom|altsyncram:rom_block|altsyncram_ka01:auto_generated|ram_block1a0~porta_address_reg1 ; BCD[3] ; clock      ;
; N/A   ; None         ; 11.152 ns  ; lpm_rom:crc_table|altrom:srom|altsyncram:rom_block|altsyncram_ka01:auto_generated|ram_block1a0~porta_address_reg2 ; BCD[3] ; clock      ;
; N/A   ; None         ; 11.152 ns  ; lpm_rom:crc_table|altrom:srom|altsyncram:rom_block|altsyncram_ka01:auto_generated|ram_block1a0~porta_address_reg3 ; BCD[3] ; clock      ;
; N/A   ; None         ; 11.152 ns  ; lpm_rom:crc_table|altrom:srom|altsyncram:rom_block|altsyncram_ka01:auto_generated|ram_block1a0~porta_address_reg4 ; BCD[3] ; clock      ;
; N/A   ; None         ; 11.152 ns  ; lpm_rom:crc_table|altrom:srom|altsyncram:rom_block|altsyncram_ka01:auto_generated|ram_block1a0~porta_address_reg5 ; BCD[3] ; clock      ;
; N/A   ; None         ; 10.944 ns  ; lpm_rom:crc_table|altrom:srom|altsyncram:rom_block|altsyncram_ka01:auto_generated|ram_block1a0~porta_address_reg0 ; BCD[4] ; clock      ;
; N/A   ; None         ; 10.944 ns  ; lpm_rom:crc_table|altrom:srom|altsyncram:rom_block|altsyncram_ka01:auto_generated|ram_block1a0~porta_address_reg1 ; BCD[4] ; clock      ;
; N/A   ; None         ; 10.944 ns  ; lpm_rom:crc_table|altrom:srom|altsyncram:rom_block|altsyncram_ka01:auto_generated|ram_block1a0~porta_address_reg2 ; BCD[4] ; clock      ;
; N/A   ; None         ; 10.944 ns  ; lpm_rom:crc_table|altrom:srom|altsyncram:rom_block|altsyncram_ka01:auto_generated|ram_block1a0~porta_address_reg3 ; BCD[4] ; clock      ;
; N/A   ; None         ; 10.944 ns  ; lpm_rom:crc_table|altrom:srom|altsyncram:rom_block|altsyncram_ka01:auto_generated|ram_block1a0~porta_address_reg4 ; BCD[4] ; clock      ;
; N/A   ; None         ; 10.944 ns  ; lpm_rom:crc_table|altrom:srom|altsyncram:rom_block|altsyncram_ka01:auto_generated|ram_block1a0~porta_address_reg5 ; BCD[4] ; clock      ;
; N/A   ; None         ; 10.620 ns  ; lpm_rom:crc_table|altrom:srom|altsyncram:rom_block|altsyncram_ka01:auto_generated|ram_block1a0~porta_address_reg0 ; BCD[1] ; clock      ;
; N/A   ; None         ; 10.620 ns  ; lpm_rom:crc_table|altrom:srom|altsyncram:rom_block|altsyncram_ka01:auto_generated|ram_block1a0~porta_address_reg1 ; BCD[1] ; clock      ;
; N/A   ; None         ; 10.620 ns  ; lpm_rom:crc_table|altrom:srom|altsyncram:rom_block|altsyncram_ka01:auto_generated|ram_block1a0~porta_address_reg2 ; BCD[1] ; clock      ;
; N/A   ; None         ; 10.620 ns  ; lpm_rom:crc_table|altrom:srom|altsyncram:rom_block|altsyncram_ka01:auto_generated|ram_block1a0~porta_address_reg3 ; BCD[1] ; clock      ;
; N/A   ; None         ; 10.620 ns  ; lpm_rom:crc_table|altrom:srom|altsyncram:rom_block|altsyncram_ka01:auto_generated|ram_block1a0~porta_address_reg4 ; BCD[1] ; clock      ;
; N/A   ; None         ; 10.620 ns  ; lpm_rom:crc_table|altrom:srom|altsyncram:rom_block|altsyncram_ka01:auto_generated|ram_block1a0~porta_address_reg5 ; BCD[1] ; clock      ;
+-------+--------------+------------+-------------------------------------------------------------------------------------------------------------------+--------+------------+


+---------------------------------------------------------------------------------------------------------------------------------------------------------------------------------+
; th                                                                                                                                                                              ;
+---------------+-------------+-----------+--------+-------------------------------------------------------------------------------------------------------------------+----------+
; Minimum Slack ; Required th ; Actual th ; From   ; To                                                                                                                ; To Clock ;
+---------------+-------------+-----------+--------+-------------------------------------------------------------------------------------------------------------------+----------+
; N/A           ; None        ; 0.203 ns  ; bin[5] ; lpm_rom:crc_table|altrom:srom|altsyncram:rom_block|altsyncram_ka01:auto_generated|ram_block1a0~porta_address_reg5 ; clock    ;
; N/A           ; None        ; 0.112 ns  ; bin[3] ; lpm_rom:crc_table|altrom:srom|altsyncram:rom_block|altsyncram_ka01:auto_generated|ram_block1a0~porta_address_reg3 ; clock    ;
; N/A           ; None        ; 0.100 ns  ; bin[4] ; lpm_rom:crc_table|altrom:srom|altsyncram:rom_block|altsyncram_ka01:auto_generated|ram_block1a0~porta_address_reg4 ; clock    ;
; N/A           ; None        ; -0.192 ns ; bin[2] ; lpm_rom:crc_table|altrom:srom|altsyncram:rom_block|altsyncram_ka01:auto_generated|ram_block1a0~porta_address_reg2 ; clock    ;
; N/A           ; None        ; -0.203 ns ; bin[1] ; lpm_rom:crc_table|altrom:srom|altsyncram:rom_block|altsyncram_ka01:auto_generated|ram_block1a0~porta_address_reg1 ; clock    ;
; N/A           ; None        ; -0.259 ns ; bin[0] ; lpm_rom:crc_table|altrom:srom|altsyncram:rom_block|altsyncram_ka01:auto_generated|ram_block1a0~porta_address_reg0 ; clock    ;
+---------------+-------------+-----------+--------+-------------------------------------------------------------------------------------------------------------------+----------+


+--------------------------+
; Timing Analyzer Messages ;
+--------------------------+
Info: *******************************************************************
Info: Running Quartus II 64-Bit Classic Timing Analyzer
    Info: Version 9.1 Build 350 03/24/2010 Service Pack 2 SJ Full Version
    Info: Processing started: Fri Feb 21 23:21:17 2014
Info: Command: quartus_tan --read_settings_files=off --write_settings_files=off g20_lab2 -c g20_lab2 --timing_analysis_only
Info: Parallel compilation is enabled and will use 4 of the 4 processors detected
Warning: Found pins functioning as undefined clocks and/or memory enables
    Info: Assuming node "clock" is an undefined clock
Info: No valid register-to-register data paths exist for clock "clock"
Info: tsu for memory "lpm_rom:crc_table|altrom:srom|altsyncram:rom_block|altsyncram_ka01:auto_generated|ram_block1a0~porta_address_reg0" (data pin = "bin[0]", clock pin = "clock") is 0.549 ns
    Info: + Longest pin to memory delay is 3.437 ns
        Info: 1: + IC(0.000 ns) + CELL(1.026 ns) = 1.026 ns; Loc. = PIN_L22; Fanout = 1; PIN Node = 'bin[0]'
        Info: 2: + IC(2.252 ns) + CELL(0.159 ns) = 3.437 ns; Loc. = M4K_X17_Y9; Fanout = 8; MEM Node = 'lpm_rom:crc_table|altrom:srom|altsyncram:rom_block|altsyncram_ka01:auto_generated|ram_block1a0~porta_address_reg0'
        Info: Total cell delay = 1.185 ns ( 34.48 % )
        Info: Total interconnect delay = 2.252 ns ( 65.52 % )
    Info: + Micro setup delay of destination is 0.040 ns
    Info: - Shortest clock path from clock "clock" to destination memory is 2.928 ns
        Info: 1: + IC(0.000 ns) + CELL(1.026 ns) = 1.026 ns; Loc. = PIN_L1; Fanout = 1; CLK Node = 'clock'
        Info: 2: + IC(0.238 ns) + CELL(0.000 ns) = 1.264 ns; Loc. = CLKCTRL_G2; Fanout = 6; COMB Node = 'clock~clkctrl'
        Info: 3: + IC(0.917 ns) + CELL(0.747 ns) = 2.928 ns; Loc. = M4K_X17_Y9; Fanout = 8; MEM Node = 'lpm_rom:crc_table|altrom:srom|altsyncram:rom_block|altsyncram_ka01:auto_generated|ram_block1a0~porta_address_reg0'
        Info: Total cell delay = 1.773 ns ( 60.55 % )
        Info: Total interconnect delay = 1.155 ns ( 39.45 % )
Info: tco from clock "clock" to destination pin "BCD[2]" through memory "lpm_rom:crc_table|altrom:srom|altsyncram:rom_block|altsyncram_ka01:auto_generated|ram_block1a0~porta_address_reg0" is 12.050 ns
    Info: + Longest clock path from clock "clock" to source memory is 2.928 ns
        Info: 1: + IC(0.000 ns) + CELL(1.026 ns) = 1.026 ns; Loc. = PIN_L1; Fanout = 1; CLK Node = 'clock'
        Info: 2: + IC(0.238 ns) + CELL(0.000 ns) = 1.264 ns; Loc. = CLKCTRL_G2; Fanout = 6; COMB Node = 'clock~clkctrl'
        Info: 3: + IC(0.917 ns) + CELL(0.747 ns) = 2.928 ns; Loc. = M4K_X17_Y9; Fanout = 8; MEM Node = 'lpm_rom:crc_table|altrom:srom|altsyncram:rom_block|altsyncram_ka01:auto_generated|ram_block1a0~porta_address_reg0'
        Info: Total cell delay = 1.773 ns ( 60.55 % )
        Info: Total interconnect delay = 1.155 ns ( 39.45 % )
    Info: + Micro clock to output delay of source is 0.234 ns
    Info: + Longest memory to pin delay is 8.888 ns
        Info: 1: + IC(0.000 ns) + CELL(0.000 ns) = 0.000 ns; Loc. = M4K_X17_Y9; Fanout = 8; MEM Node = 'lpm_rom:crc_table|altrom:srom|altsyncram:rom_block|altsyncram_ka01:auto_generated|ram_block1a0~porta_address_reg0'
        Info: 2: + IC(0.000 ns) + CELL(3.377 ns) = 3.377 ns; Loc. = M4K_X17_Y9; Fanout = 1; MEM Node = 'lpm_rom:crc_table|altrom:srom|altsyncram:rom_block|altsyncram_ka01:auto_generated|q_a[2]'
        Info: 3: + IC(2.515 ns) + CELL(2.996 ns) = 8.888 ns; Loc. = PIN_H10; Fanout = 0; PIN Node = 'BCD[2]'
        Info: Total cell delay = 6.373 ns ( 71.70 % )
        Info: Total interconnect delay = 2.515 ns ( 28.30 % )
Info: th for memory "lpm_rom:crc_table|altrom:srom|altsyncram:rom_block|altsyncram_ka01:auto_generated|ram_block1a0~porta_address_reg5" (data pin = "bin[5]", clock pin = "clock") is 0.203 ns
    Info: + Longest clock path from clock "clock" to destination memory is 2.928 ns
        Info: 1: + IC(0.000 ns) + CELL(1.026 ns) = 1.026 ns; Loc. = PIN_L1; Fanout = 1; CLK Node = 'clock'
        Info: 2: + IC(0.238 ns) + CELL(0.000 ns) = 1.264 ns; Loc. = CLKCTRL_G2; Fanout = 6; COMB Node = 'clock~clkctrl'
        Info: 3: + IC(0.917 ns) + CELL(0.747 ns) = 2.928 ns; Loc. = M4K_X17_Y9; Fanout = 8; MEM Node = 'lpm_rom:crc_table|altrom:srom|altsyncram:rom_block|altsyncram_ka01:auto_generated|ram_block1a0~porta_address_reg5'
        Info: Total cell delay = 1.773 ns ( 60.55 % )
        Info: Total interconnect delay = 1.155 ns ( 39.45 % )
    Info: + Micro hold delay of destination is 0.250 ns
    Info: - Shortest pin to memory delay is 2.975 ns
        Info: 1: + IC(0.000 ns) + CELL(1.006 ns) = 1.006 ns; Loc. = PIN_U12; Fanout = 1; PIN Node = 'bin[5]'
        Info: 2: + IC(1.810 ns) + CELL(0.159 ns) = 2.975 ns; Loc. = M4K_X17_Y9; Fanout = 8; MEM Node = 'lpm_rom:crc_table|altrom:srom|altsyncram:rom_block|altsyncram_ka01:auto_generated|ram_block1a0~porta_address_reg5'
        Info: Total cell delay = 1.165 ns ( 39.16 % )
        Info: Total interconnect delay = 1.810 ns ( 60.84 % )
Info: Quartus II 64-Bit Classic Timing Analyzer was successful. 0 errors, 1 warning
    Info: Peak virtual memory: 216 megabytes
    Info: Processing ended: Fri Feb 21 23:21:17 2014
    Info: Elapsed time: 00:00:00
    Info: Total CPU time (on all processors): 00:00:00


