Flow report for g20_lab5
Mon Apr 14 03:20:19 2014
Quartus II 64-Bit Version 9.1 Build 350 03/24/2010 Service Pack 2 SJ Full Version


---------------------
; Table of Contents ;
---------------------
  1. Legal Notice
  2. Flow Summary
  3. Flow Settings
  4. Flow Non-Default Global Settings
  5. Flow Elapsed Time
  6. Flow OS Summary
  7. Flow Log



----------------
; Legal Notice ;
----------------
Copyright (C) 1991-2010 Altera Corporation
Your use of Altera Corporation's design tools, logic functions 
and other software and tools, and its AMPP partner logic 
functions, and any output files from any of the foregoing 
(including device programming or simulation files), and any 
associated documentation or information are expressly subject 
to the terms and conditions of the Altera Program License 
Subscription Agreement, Altera MegaCore Function License 
Agreement, or other applicable license agreement, including, 
without limitation, that your use is for the sole purpose of 
programming logic devices manufactured by Altera and sold by 
Altera or its authorized distributors.  Please refer to the 
applicable agreement for further details.



+------------------------------------------------------------------------------------+
; Flow Summary                                                                       ;
+------------------------------------+-----------------------------------------------+
; Flow Status                        ; Successful - Mon Apr 14 03:20:19 2014         ;
; Quartus II 64-Bit Version          ; 9.1 Build 350 03/24/2010 SP 2 SJ Full Version ;
; Revision Name                      ; g20_lab5                                      ;
; Top-level Entity Name              ; g20_lab5                                      ;
; Family                             ; Cyclone II                                    ;
; Device                             ; EP2C20F484C7                                  ;
; Timing Models                      ; Final                                         ;
; Met timing requirements            ; Yes                                           ;
; Total logic elements               ; 970 / 18,752 ( 5 % )                          ;
;     Total combinational functions  ; 952 / 18,752 ( 5 % )                          ;
;     Dedicated logic registers      ; 293 / 18,752 ( 2 % )                          ;
; Total registers                    ; 293                                           ;
; Total pins                         ; 42 / 315 ( 13 % )                             ;
; Total virtual pins                 ; 0                                             ;
; Total memory bits                  ; 0 / 239,616 ( 0 % )                           ;
; Embedded Multiplier 9-bit elements ; 18 / 52 ( 35 % )                              ;
; Total PLLs                         ; 0 / 4 ( 0 % )                                 ;
+------------------------------------+-----------------------------------------------+


+-----------------------------------------+
; Flow Settings                           ;
+-------------------+---------------------+
; Option            ; Setting             ;
+-------------------+---------------------+
; Start date & time ; 04/14/2014 03:20:00 ;
; Main task         ; Compilation         ;
; Revision Name     ; g20_lab5            ;
+-------------------+---------------------+


+------------------------------------------------------------------------------------------------------------------------------------+
; Flow Non-Default Global Settings                                                                                                   ;
+------------------------------------+------------------------------------------------+---------------+-------------+----------------+
; Assignment Name                    ; Value                                          ; Default Value ; Entity Name ; Section Id     ;
+------------------------------------+------------------------------------------------+---------------+-------------+----------------+
; COMPILER_SIGNATURE_ID              ; 203178704733275.139746000002680                ; --            ; --          ; --             ;
; MAX_CORE_JUNCTION_TEMP             ; 85                                             ; --            ; --          ; --             ;
; MIN_CORE_JUNCTION_TEMP             ; 0                                              ; --            ; --          ; --             ;
; MISC_FILE                          ; c:/altera/91sp2/quartus/g20_LAB_5/g20_lab5.dpf ; --            ; --          ; --             ;
; MISC_FILE                          ; C:/altera/91sp2/quartus/g20_LAB_5/g20_lab5.dpf ; --            ; --          ; --             ;
; PARTITION_COLOR                    ; 16764057                                       ; --            ; --          ; Top            ;
; PARTITION_NETLIST_TYPE             ; SOURCE                                         ; --            ; --          ; Top            ;
; USE_GENERATED_PHYSICAL_CONSTRAINTS ; Off                                            ; --            ; --          ; eda_blast_fpga ;
+------------------------------------+------------------------------------------------+---------------+-------------+----------------+


+-----------------------------------------------------------------------------------------------------------------------------+
; Flow Elapsed Time                                                                                                           ;
+-------------------------+--------------+-------------------------+---------------------+------------------------------------+
; Module Name             ; Elapsed Time ; Average Processors Used ; Peak Virtual Memory ; Total CPU Time (on all processors) ;
+-------------------------+--------------+-------------------------+---------------------+------------------------------------+
; Analysis & Synthesis    ; 00:00:07     ; 1.0                     ; 338 MB              ; 00:00:04                           ;
; Fitter                  ; 00:00:06     ; 1.0                     ; 365 MB              ; 00:00:05                           ;
; Assembler               ; 00:00:03     ; 1.0                     ; 274 MB              ; 00:00:01                           ;
; Classic Timing Analyzer ; 00:00:03     ; 1.0                     ; 212 MB              ; 00:00:00                           ;
; Total                   ; 00:00:19     ; --                      ; --                  ; 00:00:10                           ;
+-------------------------+--------------+-------------------------+---------------------+------------------------------------+


+------------------------------------------------------------------------------------------+
; Flow OS Summary                                                                          ;
+-------------------------+------------------+---------------+------------+----------------+
; Module Name             ; Machine Hostname ; OS Name       ; OS Version ; Processor type ;
+-------------------------+------------------+---------------+------------+----------------+
; Analysis & Synthesis    ; 156TR5090GW-04   ; Windows Vista ; 6.1        ; x86_64         ;
; Fitter                  ; 156TR5090GW-04   ; Windows Vista ; 6.1        ; x86_64         ;
; Assembler               ; 156TR5090GW-04   ; Windows Vista ; 6.1        ; x86_64         ;
; Classic Timing Analyzer ; 156TR5090GW-04   ; Windows Vista ; 6.1        ; x86_64         ;
+-------------------------+------------------+---------------+------------+----------------+


------------
; Flow Log ;
------------
quartus_map --read_settings_files=on --write_settings_files=off g20_lab5 -c g20_lab5
quartus_fit --read_settings_files=off --write_settings_files=off g20_lab5 -c g20_lab5
quartus_asm --read_settings_files=off --write_settings_files=off g20_lab5 -c g20_lab5
quartus_tan --read_settings_files=off --write_settings_files=off g20_lab5 -c g20_lab5 --timing_analysis_only



